<?xml version="1.0" encoding="UTF-8"?>
<!-- Generated by org.testng.reporters.JUnitReportReporter -->
<testsuite hostname="Saipavan" failures="0" tests="8" name="com.testexecution.java.MathOpr" time="0.040" errors="0" timestamp="2020-07-02T20:10:20 IST" skipped="0">
  <testcase classname="com.testexecution.java.MathOpr" name="Add" time="0.014"/>
  <system-out/>
  <testcase classname="com.testexecution.java.MathOpr" name="Sub" time="0.003"/>
  <system-out/>
  <testcase classname="com.testexecution.java.MathOpr" name="Powerof" time="0.004"/>
  <system-out/>
  <testcase classname="com.testexecution.java.MathOpr" name="div" time="0.002"/>
  <system-out/>
  <testcase classname="com.testexecution.java.MathOpr" name="invert" time="0.001"/>
  <system-out/>
  <testcase classname="com.testexecution.java.MathOpr" name="Negate" time="0.008"/>
  <system-out/>
  <testcase classname="com.testexecution.java.MathOpr" name="Modulus" time="0.004"/>
  <system-out/>
  <testcase classname="com.testexecution.java.MathOpr" name="Powerof1" time="0.004"/>
  <system-out/>
</testsuite> <!-- com.testexecution.java.MathOpr -->
