<?xml version="1.0" encoding="UTF-8"?>
<!-- Generated by org.testng.reporters.JUnitReportReporter -->
<testsuite hostname="Saipavan" failures="0" tests="2" name="com.maths.MathOpr" time="0.060" errors="0" timestamp="2020-06-24T08:33:32 IST" skipped="0">
  <testcase classname="com.maths.MathOpr" name="div" time="0.019"/>
  <system-out/>
  <testcase classname="com.maths.MathOpr" name="Sub" time="0.041"/>
  <system-out/>
</testsuite> <!-- com.maths.MathOpr -->
